# JRE version: OpenJDK Runtime Environment (21.0.8) (build 21.0.8+-14196175-b1038.72)
# Java VM: OpenJDK 64-Bit Server VM (21.0.8+-14196175-b1038.72, mixed mode, tiered, compressed oops, compressed class ptrs, g1 gc, windows-amd64)
GC Precious Log:
 CardTable entry size: 512
 Card Set container configuration: InlinePtr #cards 4 size 8 Array Of Cards #cards 32 size 80 Howl #buckets 8 coarsen threshold 7372 Howl Bitmap #cards 1024 size 144 coarsen threshold 921 Card regions per heap region 1 cards per card region 8192
 CPUs: 16 total, 16 available
 Memory: 16114M
 Large Page Support: Disabled
 NUMA Support: Disabled
 Compressed Oops: Enabled (Zero based)
 Heap Region Size: 4M
 Heap Min Capacity: 8M
 Heap Initial Capacity: 252M
 Heap Max Capacity: 8G
 Pre-touch: Disabled
 Parallel Workers: 13
 Concurrent Workers: 3
 Concurrent Refinement Workers: 13
 Periodic GC: Disabled
Heap:
 garbage-first heap   total 1454080K, used 521783K [0x0000000600000000, 0x0000000800000000)
  region size 4096K, 15 young (61440K), 15 survivors (61440K)
 Metaspace       used 177215K, committed 179712K, reserved 1245184K
  class space    used 25001K, committed 26176K, reserved 1048576K
GC Heap History (20 events):
Event: 44.541 GC heap after
{Heap after GC invocations=78 (full 0):
 garbage-first heap   total 1163264K, used 544768K [0x0000000600000000, 0x0000000800000000)
  region size 4096K, 6 young (24576K), 6 survivors (24576K)
 Metaspace       used 164835K, committed 167360K, reserved 1245184K
  class space    used 23111K, committed 24320K, reserved 1048576K
}
Event: 46.425 GC heap before
{Heap before GC invocations=78 (full 0):
 garbage-first heap   total 1163264K, used 1056768K [0x0000000600000000, 0x0000000800000000)
  region size 4096K, 132 young (540672K), 6 survivors (24576K)
 Metaspace       used 170278K, committed 172800K, reserved 1245184K
  class space    used 24073K, committed 25280K, reserved 1048576K
}
Event: 46.461 GC heap after
{Heap after GC invocations=79 (full 0):
 garbage-first heap   total 1454080K, used 543638K [0x0000000600000000, 0x0000000800000000)
  region size 4096K, 11 young (45056K), 11 survivors (45056K)
 Metaspace       used 170278K, committed 172800K, reserved 1245184K
  class space    used 24073K, committed 25280K, reserved 1048576K
}
Event: 48.250 GC heap before
{Heap before GC invocations=79 (full 0):
 garbage-first heap   total 1454080K, used 1321878K [0x0000000600000000, 0x0000000800000000)
  region size 4096K, 202 young (827392K), 11 survivors (45056K)
 Metaspace       used 175581K, committed 178112K, reserved 1245184K
  class space    used 24847K, committed 26048K, reserved 1048576K
}
Event: 48.272 GC heap after
{Heap after GC invocations=80 (full 0):
 garbage-first heap   total 1454080K, used 539213K [0x0000000600000000, 0x0000000800000000)
  region size 4096K, 9 young (36864K), 9 survivors (36864K)
 Metaspace       used 175581K, committed 178112K, reserved 1245184K
  class space    used 24847K, committed 26048K, reserved 1048576K
}
Event: 49.459 GC heap before
{Heap before GC invocations=80 (full 0):
 garbage-first heap   total 1454080K, used 1337933K [0x0000000600000000, 0x0000000800000000)
  region size 4096K, 204 young (835584K), 9 survivors (36864K)
 Metaspace       used 176603K, committed 179072K, reserved 1245184K
  class space    used 24940K, committed 26112K, reserved 1048576K
}
Event: 49.485 GC heap after
{Heap after GC invocations=81 (full 0):
 garbage-first heap   total 1454080K, used 545413K [0x0000000600000000, 0x0000000800000000)
  region size 4096K, 11 young (45056K), 11 survivors (45056K)
 Metaspace       used 176603K, committed 179072K, reserved 1245184K
  class space    used 24940K, committed 26112K, reserved 1048576K
}
Event: 50.378 GC heap before
{Heap before GC invocations=81 (full 0):
 garbage-first heap   total 1454080K, used 1323653K [0x0000000600000000, 0x0000000800000000)
  region size 4096K, 202 young (827392K), 11 survivors (45056K)
 Metaspace       used 176920K, committed 179392K, reserved 1245184K
  class space    used 24983K, committed 26176K, reserved 1048576K
}
Event: 50.403 GC heap after
{Heap after GC invocations=82 (full 0):
 garbage-first heap   total 1454080K, used 547405K [0x0000000600000000, 0x0000000800000000)
  region size 4096K, 11 young (45056K), 11 survivors (45056K)
 Metaspace       used 176920K, committed 179392K, reserved 1245184K
  class space    used 24983K, committed 26176K, reserved 1048576K
}
Event: 51.512 GC heap before
{Heap before GC invocations=83 (full 0):
 garbage-first heap   total 1454080K, used 1325645K [0x0000000600000000, 0x0000000800000000)
  region size 4096K, 202 young (827392K), 11 survivors (45056K)
 Metaspace       used 177012K, committed 179520K, reserved 1245184K
  class space    used 24990K, committed 26176K, reserved 1048576K
}
Event: 51.541 GC heap after
{Heap after GC invocations=84 (full 0):
 garbage-first heap   total 1454080K, used 551501K [0x0000000600000000, 0x0000000800000000)
  region size 4096K, 12 young (49152K), 12 survivors (49152K)
 Metaspace       used 177012K, committed 179520K, reserved 1245184K
  class space    used 24990K, committed 26176K, reserved 1048576K
}
Event: 52.315 GC heap before
{Heap before GC invocations=84 (full 0):
 garbage-first heap   total 1454080K, used 1325645K [0x0000000600000000, 0x0000000800000000)
  region size 4096K, 201 young (823296K), 12 survivors (49152K)
 Metaspace       used 177061K, committed 179520K, reserved 1245184K
  class space    used 24992K, committed 26176K, reserved 1048576K
}
Event: 52.346 GC heap after
{Heap after GC invocations=85 (full 0):
 garbage-first heap   total 1454080K, used 527620K [0x0000000600000000, 0x0000000800000000)
  region size 4096K, 13 young (53248K), 13 survivors (53248K)
 Metaspace       used 177061K, committed 179520K, reserved 1245184K
  class space    used 24992K, committed 26176K, reserved 1048576K
}
Event: 53.289 GC heap before
{Heap before GC invocations=85 (full 0):
 garbage-first heap   total 1454080K, used 1314052K [0x0000000600000000, 0x0000000800000000)
  region size 4096K, 206 young (843776K), 13 survivors (53248K)
 Metaspace       used 177139K, committed 179584K, reserved 1245184K
  class space    used 24998K, committed 26176K, reserved 1048576K
}
Event: 53.320 GC heap after
{Heap after GC invocations=86 (full 0):
 garbage-first heap   total 1454080K, used 529713K [0x0000000600000000, 0x0000000800000000)
  region size 4096K, 13 young (53248K), 13 survivors (53248K)
 Metaspace       used 177139K, committed 179584K, reserved 1245184K
  class space    used 24998K, committed 26176K, reserved 1048576K
}
Event: 54.436 GC heap before
{Heap before GC invocations=87 (full 0):
 garbage-first heap   total 1454080K, used 1316145K [0x0000000600000000, 0x0000000800000000)
  region size 4096K, 206 young (843776K), 13 survivors (53248K)
 Metaspace       used 177184K, committed 179648K, reserved 1245184K
  class space    used 25000K, committed 26176K, reserved 1048576K
}
Event: 54.465 GC heap after
{Heap after GC invocations=88 (full 0):
 garbage-first heap   total 1454080K, used 534682K [0x0000000600000000, 0x0000000800000000)
  region size 4096K, 14 young (57344K), 14 survivors (57344K)
 Metaspace       used 177184K, committed 179648K, reserved 1245184K
  class space    used 25000K, committed 26176K, reserved 1048576K
}
Event: 55.372 GC heap before
{Heap before GC invocations=88 (full 0):
 garbage-first heap   total 1454080K, used 1317018K [0x0000000600000000, 0x0000000800000000)
  region size 4096K, 205 young (839680K), 14 survivors (57344K)
 Metaspace       used 177208K, committed 179712K, reserved 1245184K
  class space    used 25001K, committed 26176K, reserved 1048576K
}
Event: 55.403 GC heap after
{Heap after GC invocations=89 (full 0):
 garbage-first heap   total 1454080K, used 517687K [0x0000000600000000, 0x0000000800000000)
  region size 4096K, 14 young (57344K), 14 survivors (57344K)
 Metaspace       used 177208K, committed 179712K, reserved 1245184K
  class space    used 25001K, committed 26176K, reserved 1048576K
}
Event: 56.348 GC heap before
{Heap before GC invocations=89 (full 0):
 garbage-first heap   total 1454080K, used 1316407K [0x0000000600000000, 0x0000000800000000)
  region size 4096K, 209 young (856064K), 14 survivors (57344K)
 Metaspace       used 177215K, committed 179712K, reserved 1245184K
  class space    used 25001K, committed 26176K, reserved 1048576K
}

