# JRE version: OpenJDK Runtime Environment (21.0.8) (build 21.0.8+-14196175-b1038.72)
# Java VM: OpenJDK 64-Bit Server VM (21.0.8+-14196175-b1038.72, mixed mode, tiered, compressed oops, compressed class ptrs, g1 gc, windows-amd64)
GC Precious Log:
 CardTable entry size: 512
 Card Set container configuration: InlinePtr #cards 4 size 8 Array Of Cards #cards 32 size 80 Howl #buckets 8 coarsen threshold 7372 Howl Bitmap #cards 1024 size 144 coarsen threshold 921 Card regions per heap region 1 cards per card region 8192
 CPUs: 16 total, 16 available
 Memory: 16114M
 Large Page Support: Disabled
 NUMA Support: Disabled
 Compressed Oops: Enabled (Zero based)
 Heap Region Size: 4M
 Heap Min Capacity: 8M
 Heap Initial Capacity: 252M
 Heap Max Capacity: 8G
 Pre-touch: Disabled
 Parallel Workers: 13
 Concurrent Workers: 3
 Concurrent Refinement Workers: 13
 Periodic GC: Disabled
Heap:
 garbage-first heap   total 1507328K, used 579744K [0x0000000600000000, 0x0000000800000000)
  region size 4096K, 14 young (57344K), 14 survivors (57344K)
 Metaspace       used 261705K, committed 264512K, reserved 1310720K
  class space    used 35410K, committed 36736K, reserved 1048576K
GC Heap History (20 events):
Event: 101.992 GC heap after
{Heap after GC invocations=93 (full 0):
 garbage-first heap   total 1253376K, used 590425K [0x0000000600000000, 0x0000000800000000)
  region size 4096K, 6 young (24576K), 6 survivors (24576K)
 Metaspace       used 259744K, committed 262528K, reserved 1310720K
  class space    used 35182K, committed 36480K, reserved 1048576K
}
Event: 102.695 GC heap before
{Heap before GC invocations=93 (full 0):
 garbage-first heap   total 1253376K, used 1159769K [0x0000000600000000, 0x0000000800000000)
  region size 4096K, 145 young (593920K), 6 survivors (24576K)
 Metaspace       used 260657K, committed 263424K, reserved 1310720K
  class space    used 35281K, committed 36608K, reserved 1048576K
}
Event: 102.718 GC heap after
{Heap after GC invocations=94 (full 0):
 garbage-first heap   total 1253376K, used 576773K [0x0000000600000000, 0x0000000800000000)
  region size 4096K, 7 young (28672K), 7 survivors (28672K)
 Metaspace       used 260657K, committed 263424K, reserved 1310720K
  class space    used 35281K, committed 36608K, reserved 1048576K
}
Event: 103.398 GC heap before
{Heap before GC invocations=94 (full 0):
 garbage-first heap   total 1253376K, used 1154309K [0x0000000600000000, 0x0000000800000000)
  region size 4096K, 148 young (606208K), 7 survivors (28672K)
 Metaspace       used 260919K, committed 263680K, reserved 1310720K
  class space    used 35303K, committed 36608K, reserved 1048576K
}
Event: 103.416 GC heap after
{Heap after GC invocations=95 (full 0):
 garbage-first heap   total 1507328K, used 580446K [0x0000000600000000, 0x0000000800000000)
  region size 4096K, 8 young (32768K), 8 survivors (32768K)
 Metaspace       used 260919K, committed 263680K, reserved 1310720K
  class space    used 35303K, committed 36608K, reserved 1048576K
}
Event: 104.693 GC heap before
{Heap before GC invocations=96 (full 0):
 garbage-first heap   total 1507328K, used 1387358K [0x0000000600000000, 0x0000000800000000)
  region size 4096K, 206 young (843776K), 8 survivors (32768K)
 Metaspace       used 261000K, committed 263744K, reserved 1310720K
  class space    used 35309K, committed 36608K, reserved 1048576K
}
Event: 104.711 GC heap after
{Heap after GC invocations=97 (full 0):
 garbage-first heap   total 1507328K, used 583872K [0x0000000600000000, 0x0000000800000000)
  region size 4096K, 9 young (36864K), 9 survivors (36864K)
 Metaspace       used 261000K, committed 263744K, reserved 1310720K
  class space    used 35309K, committed 36608K, reserved 1048576K
}
Event: 105.716 GC heap before
{Heap before GC invocations=97 (full 0):
 garbage-first heap   total 1507328K, used 1382592K [0x0000000600000000, 0x0000000800000000)
  region size 4096K, 205 young (839680K), 9 survivors (36864K)
 Metaspace       used 261081K, committed 263808K, reserved 1310720K
  class space    used 35315K, committed 36608K, reserved 1048576K
}
Event: 105.741 GC heap after
{Heap after GC invocations=98 (full 0):
 garbage-first heap   total 1507328K, used 574876K [0x0000000600000000, 0x0000000800000000)
  region size 4096K, 10 young (40960K), 10 survivors (40960K)
 Metaspace       used 261081K, committed 263808K, reserved 1310720K
  class space    used 35315K, committed 36608K, reserved 1048576K
}
Event: 106.613 GC heap before
{Heap before GC invocations=98 (full 0):
 garbage-first heap   total 1507328K, used 1385884K [0x0000000600000000, 0x0000000800000000)
  region size 4096K, 208 young (851968K), 10 survivors (40960K)
 Metaspace       used 261164K, committed 263936K, reserved 1310720K
  class space    used 35324K, committed 36672K, reserved 1048576K
}
Event: 106.633 GC heap after
{Heap after GC invocations=99 (full 0):
 garbage-first heap   total 1507328K, used 579224K [0x0000000600000000, 0x0000000800000000)
  region size 4096K, 11 young (45056K), 11 survivors (45056K)
 Metaspace       used 261164K, committed 263936K, reserved 1310720K
  class space    used 35324K, committed 36672K, reserved 1048576K
}
Event: 107.842 GC heap before
{Heap before GC invocations=100 (full 0):
 garbage-first heap   total 1507328K, used 1382040K [0x0000000600000000, 0x0000000800000000)
  region size 4096K, 207 young (847872K), 11 survivors (45056K)
 Metaspace       used 261205K, committed 264000K, reserved 1310720K
  class space    used 35324K, committed 36672K, reserved 1048576K
}
Event: 107.864 GC heap after
{Heap after GC invocations=101 (full 0):
 garbage-first heap   total 1507328K, used 584939K [0x0000000600000000, 0x0000000800000000)
  region size 4096K, 12 young (49152K), 12 survivors (49152K)
 Metaspace       used 261205K, committed 264000K, reserved 1310720K
  class space    used 35324K, committed 36672K, reserved 1048576K
}
Event: 108.848 GC heap before
{Heap before GC invocations=101 (full 0):
 garbage-first heap   total 1507328K, used 1379563K [0x0000000600000000, 0x0000000800000000)
  region size 4096K, 206 young (843776K), 12 survivors (49152K)
 Metaspace       used 261218K, committed 264000K, reserved 1310720K
  class space    used 35324K, committed 36672K, reserved 1048576K
}
Event: 108.878 GC heap after
{Heap after GC invocations=102 (full 0):
 garbage-first heap   total 1507328K, used 576271K [0x0000000600000000, 0x0000000800000000)
  region size 4096K, 13 young (53248K), 13 survivors (53248K)
 Metaspace       used 261218K, committed 264000K, reserved 1310720K
  class space    used 35324K, committed 36672K, reserved 1048576K
}
Event: 109.962 GC heap before
{Heap before GC invocations=102 (full 0):
 garbage-first heap   total 1507328K, used 1370895K [0x0000000600000000, 0x0000000800000000)
  region size 4096K, 208 young (851968K), 13 survivors (53248K)
 Metaspace       used 261242K, committed 264064K, reserved 1310720K
  class space    used 35324K, committed 36672K, reserved 1048576K
}
Event: 109.985 GC heap after
{Heap after GC invocations=103 (full 0):
 garbage-first heap   total 1507328K, used 581092K [0x0000000600000000, 0x0000000800000000)
  region size 4096K, 15 young (61440K), 15 survivors (61440K)
 Metaspace       used 261242K, committed 264064K, reserved 1310720K
  class space    used 35324K, committed 36672K, reserved 1048576K
}
Event: 111.431 GC heap before
{Heap before GC invocations=104 (full 0):
 garbage-first heap   total 1507328K, used 1363428K [0x0000000600000000, 0x0000000800000000)
  region size 4096K, 206 young (843776K), 15 survivors (61440K)
 Metaspace       used 261264K, committed 264128K, reserved 1310720K
  class space    used 35325K, committed 36672K, reserved 1048576K
}
Event: 111.455 GC heap after
{Heap after GC invocations=105 (full 0):
 garbage-first heap   total 1507328K, used 582723K [0x0000000600000000, 0x0000000800000000)
  region size 4096K, 15 young (61440K), 15 survivors (61440K)
 Metaspace       used 261264K, committed 264128K, reserved 1310720K
  class space    used 35325K, committed 36672K, reserved 1048576K
}
Event: 112.883 GC heap before
{Heap before GC invocations=105 (full 0):
 garbage-first heap   total 1507328K, used 1365059K [0x0000000600000000, 0x0000000800000000)
  region size 4096K, 206 young (843776K), 15 survivors (61440K)
 Metaspace       used 261705K, committed 264512K, reserved 1310720K
  class space    used 35410K, committed 36736K, reserved 1048576K
}

