# JRE version: OpenJDK Runtime Environment (21.0.8) (build 21.0.8+-14196175-b1038.72)
# Java VM: OpenJDK 64-Bit Server VM (21.0.8+-14196175-b1038.72, mixed mode, tiered, compressed oops, compressed class ptrs, g1 gc, windows-amd64)
GC Precious Log:
 CardTable entry size: 512
 Card Set container configuration: InlinePtr #cards 4 size 8 Array Of Cards #cards 16 size 48 Howl #buckets 8 coarsen threshold 3686 Howl Bitmap #cards 512 size 80 coarsen threshold 460 Card regions per heap region 1 cards per card region 4096
 CPUs: 16 total, 16 available
 Memory: 16114M
 Large Page Support: Disabled
 NUMA Support: Disabled
 Compressed Oops: Enabled (Zero based)
 Heap Region Size: 2M
 Heap Min Capacity: 8M
 Heap Initial Capacity: 252M
 Heap Max Capacity: 3G
 Pre-touch: Disabled
 Parallel Workers: 13
 Concurrent Workers: 3
 Concurrent Refinement Workers: 13
 Periodic GC: Disabled
Heap:
 garbage-first heap   total 761856K, used 464924K [0x0000000740000000, 0x0000000800000000)
  region size 2048K, 10 young (20480K), 10 survivors (20480K)
 Metaspace       used 237805K, committed 240576K, reserved 1114112K
  class space    used 31085K, committed 32448K, reserved 851968K
GC Heap History (20 events):
Event: 266.439 GC heap after
{Heap after GC invocations=135 (full 0):
 garbage-first heap   total 659456K, used 372781K [0x0000000740000000, 0x0000000800000000)
  region size 2048K, 11 young (22528K), 11 survivors (22528K)
 Metaspace       used 186052K, committed 188736K, reserved 1048576K
  class space    used 24721K, committed 26048K, reserved 851968K
}
Event: 267.683 GC heap before
{Heap before GC invocations=135 (full 0):
 garbage-first heap   total 659456K, used 598061K [0x0000000740000000, 0x0000000800000000)
  region size 2048K, 122 young (249856K), 11 survivors (22528K)
 Metaspace       used 186210K, committed 188864K, reserved 1048576K
  class space    used 24726K, committed 26048K, reserved 851968K
}
Event: 267.698 GC heap after
{Heap after GC invocations=136 (full 0):
 garbage-first heap   total 659456K, used 370505K [0x0000000740000000, 0x0000000800000000)
  region size 2048K, 9 young (18432K), 9 survivors (18432K)
 Metaspace       used 186210K, committed 188864K, reserved 1048576K
  class space    used 24726K, committed 26048K, reserved 851968K
}
Event: 268.253 GC heap before
{Heap before GC invocations=136 (full 0):
 garbage-first heap   total 659456K, used 425801K [0x0000000740000000, 0x0000000800000000)
  region size 2048K, 38 young (77824K), 9 survivors (18432K)
 Metaspace       used 187213K, committed 189888K, reserved 1048576K
  class space    used 24882K, committed 26176K, reserved 851968K
}
Event: 268.265 GC heap after
{Heap after GC invocations=137 (full 0):
 garbage-first heap   total 659456K, used 372258K [0x0000000740000000, 0x0000000800000000)
  region size 2048K, 10 young (20480K), 10 survivors (20480K)
 Metaspace       used 187213K, committed 189888K, reserved 1048576K
  class space    used 24882K, committed 26176K, reserved 851968K
}
Event: 274.954 GC heap before
{Heap before GC invocations=138 (full 0):
 garbage-first heap   total 659456K, used 622114K [0x0000000740000000, 0x0000000800000000)
  region size 2048K, 123 young (251904K), 10 survivors (20480K)
 Metaspace       used 210342K, committed 213184K, reserved 1048576K
  class space    used 27306K, committed 28672K, reserved 851968K
}
Event: 274.974 GC heap after
{Heap after GC invocations=139 (full 0):
 garbage-first heap   total 663552K, used 400280K [0x0000000740000000, 0x0000000800000000)
  region size 2048K, 15 young (30720K), 15 survivors (30720K)
 Metaspace       used 210342K, committed 213184K, reserved 1048576K
  class space    used 27306K, committed 28672K, reserved 851968K
}
Event: 275.281 GC heap before
{Heap before GC invocations=139 (full 0):
 garbage-first heap   total 663552K, used 594840K [0x0000000740000000, 0x0000000800000000)
  region size 2048K, 111 young (227328K), 15 survivors (30720K)
 Metaspace       used 210362K, committed 213184K, reserved 1048576K
  class space    used 27309K, committed 28672K, reserved 851968K
}
Event: 275.296 GC heap after
{Heap after GC invocations=140 (full 0):
 garbage-first heap   total 663552K, used 398045K [0x0000000740000000, 0x0000000800000000)
  region size 2048K, 2 young (4096K), 2 survivors (4096K)
 Metaspace       used 210362K, committed 213184K, reserved 1048576K
  class space    used 27309K, committed 28672K, reserved 851968K
}
Event: 275.670 GC heap before
{Heap before GC invocations=140 (full 0):
 garbage-first heap   total 663552K, used 414429K [0x0000000740000000, 0x0000000800000000)
  region size 2048K, 11 young (22528K), 2 survivors (4096K)
 Metaspace       used 210386K, committed 213184K, reserved 1048576K
  class space    used 27310K, committed 28672K, reserved 851968K
}
Event: 275.673 GC heap after
{Heap after GC invocations=141 (full 0):
 garbage-first heap   total 663552K, used 396530K [0x0000000740000000, 0x0000000800000000)
  region size 2048K, 2 young (4096K), 2 survivors (4096K)
 Metaspace       used 210386K, committed 213184K, reserved 1048576K
  class space    used 27310K, committed 28672K, reserved 851968K
}
Event: 279.908 GC heap before
{Heap before GC invocations=142 (full 0):
 garbage-first heap   total 669696K, used 623858K [0x0000000740000000, 0x0000000800000000)
  region size 2048K, 112 young (229376K), 2 survivors (4096K)
 Metaspace       used 237199K, committed 240000K, reserved 1114112K
  class space    used 31035K, committed 32384K, reserved 851968K
}
Event: 279.928 GC heap after
{Heap after GC invocations=143 (full 0):
 garbage-first heap   total 669696K, used 428884K [0x0000000740000000, 0x0000000800000000)
  region size 2048K, 14 young (28672K), 14 survivors (28672K)
 Metaspace       used 237199K, committed 240000K, reserved 1114112K
  class space    used 31035K, committed 32384K, reserved 851968K
}
Event: 280.383 GC heap before
{Heap before GC invocations=143 (full 0):
 garbage-first heap   total 669696K, used 605012K [0x0000000740000000, 0x0000000800000000)
  region size 2048K, 100 young (204800K), 14 survivors (28672K)
 Metaspace       used 237737K, committed 240512K, reserved 1114112K
  class space    used 31078K, committed 32448K, reserved 851968K
}
Event: 280.407 GC heap after
{Heap after GC invocations=144 (full 0):
 garbage-first heap   total 669696K, used 436769K [0x0000000740000000, 0x0000000800000000)
  region size 2048K, 7 young (14336K), 7 survivors (14336K)
 Metaspace       used 237737K, committed 240512K, reserved 1114112K
  class space    used 31078K, committed 32448K, reserved 851968K
}
Event: 280.583 GC heap before
{Heap before GC invocations=144 (full 0):
 garbage-first heap   total 669696K, used 616993K [0x0000000740000000, 0x0000000800000000)
  region size 2048K, 95 young (194560K), 7 survivors (14336K)
 Metaspace       used 237741K, committed 240512K, reserved 1114112K
  class space    used 31078K, committed 32448K, reserved 851968K
}
Event: 280.594 GC heap after
{Heap after GC invocations=145 (full 0):
 garbage-first heap   total 669696K, used 444842K [0x0000000740000000, 0x0000000800000000)
  region size 2048K, 11 young (22528K), 11 survivors (22528K)
 Metaspace       used 237741K, committed 240512K, reserved 1114112K
  class space    used 31078K, committed 32448K, reserved 851968K
}
Event: 280.791 GC heap before
{Heap before GC invocations=145 (full 0):
 garbage-first heap   total 669696K, used 608682K [0x0000000740000000, 0x0000000800000000)
  region size 2048K, 91 young (186368K), 11 survivors (22528K)
 Metaspace       used 237741K, committed 240512K, reserved 1114112K
  class space    used 31078K, committed 32448K, reserved 851968K
}
Event: 280.805 GC heap after
{Heap after GC invocations=146 (full 0):
 garbage-first heap   total 669696K, used 454668K [0x0000000740000000, 0x0000000800000000)
  region size 2048K, 10 young (20480K), 10 survivors (20480K)
 Metaspace       used 237741K, committed 240512K, reserved 1114112K
  class space    used 31078K, committed 32448K, reserved 851968K
}
Event: 280.979 GC heap before
{Heap before GC invocations=146 (full 0):
 garbage-first heap   total 761856K, used 606220K [0x0000000740000000, 0x0000000800000000)
  region size 2048K, 84 young (172032K), 10 survivors (20480K)
 Metaspace       used 237805K, committed 240576K, reserved 1114112K
  class space    used 31085K, committed 32448K, reserved 851968K
}

