# JRE version: OpenJDK Runtime Environment (21.0.8) (build 21.0.8+-14196175-b1038.72)
# Java VM: OpenJDK 64-Bit Server VM (21.0.8+-14196175-b1038.72, mixed mode, tiered, compressed oops, compressed class ptrs, g1 gc, windows-amd64)
GC Precious Log:
 CardTable entry size: 512
 Card Set container configuration: InlinePtr #cards 5 size 8 Array Of Cards #cards 12 size 40 Howl #buckets 4 coarsen threshold 1843 Howl Bitmap #cards 512 size 80 coarsen threshold 460 Card regions per heap region 1 cards per card region 2048
 CPUs: 16 total, 16 available
 Memory: 16114M
 Large Page Support: Disabled
 NUMA Support: Disabled
 Compressed Oops: Enabled (32-bit)
 Heap Region Size: 1M
 Heap Min Capacity: 8M
 Heap Initial Capacity: 252M
 Heap Max Capacity: 2G
 Pre-touch: Disabled
 Parallel Workers: 13
 Concurrent Workers: 3
 Concurrent Refinement Workers: 13
 Periodic GC: Disabled
Heap:
 garbage-first heap   total 375808K, used 273982K [0x0000000080000000, 0x0000000100000000)
  region size 1024K, 60 young (61440K), 10 survivors (10240K)
 Metaspace       used 135707K, committed 138048K, reserved 770048K
  class space    used 19018K, committed 20160K, reserved 638976K
GC Heap History (20 events):
Event: 54.749 GC heap before
{Heap before GC invocations=59 (full 0):
 garbage-first heap   total 278528K, used 175355K [0x0000000080000000, 0x0000000100000000)
  region size 1024K, 16 young (16384K), 9 survivors (9216K)
 Metaspace       used 122284K, committed 124608K, reserved 770048K
  class space    used 17300K, committed 18432K, reserved 638976K
}
Event: 54.756 GC heap after
{Heap after GC invocations=60 (full 0):
 garbage-first heap   total 278528K, used 169900K [0x0000000080000000, 0x0000000100000000)
  region size 1024K, 5 young (5120K), 5 survivors (5120K)
 Metaspace       used 122284K, committed 124608K, reserved 770048K
  class space    used 17300K, committed 18432K, reserved 638976K
}
Event: 58.325 GC heap before
{Heap before GC invocations=61 (full 0):
 garbage-first heap   total 286720K, used 245676K [0x0000000080000000, 0x0000000100000000)
  region size 1024K, 76 young (77824K), 5 survivors (5120K)
 Metaspace       used 122923K, committed 125312K, reserved 770048K
  class space    used 17364K, committed 18560K, reserved 638976K
}
Event: 58.337 GC heap after
{Heap after GC invocations=62 (full 0):
 garbage-first heap   total 286720K, used 182179K [0x0000000080000000, 0x0000000100000000)
  region size 1024K, 10 young (10240K), 10 survivors (10240K)
 Metaspace       used 122923K, committed 125312K, reserved 770048K
  class space    used 17364K, committed 18560K, reserved 638976K
}
Event: 64.933 GC heap before
{Heap before GC invocations=62 (full 0):
 garbage-first heap   total 286720K, used 250787K [0x0000000080000000, 0x0000000100000000)
  region size 1024K, 78 young (79872K), 10 survivors (10240K)
 Metaspace       used 122923K, committed 125312K, reserved 770048K
  class space    used 17364K, committed 18560K, reserved 638976K
}
Event: 64.944 GC heap after
{Heap after GC invocations=63 (full 0):
 garbage-first heap   total 286720K, used 184487K [0x0000000080000000, 0x0000000100000000)
  region size 1024K, 4 young (4096K), 4 survivors (4096K)
 Metaspace       used 122923K, committed 125312K, reserved 770048K
  class space    used 17364K, committed 18560K, reserved 638976K
}
Event: 70.846 GC heap before
{Heap before GC invocations=63 (full 0):
 garbage-first heap   total 286720K, used 254119K [0x0000000080000000, 0x0000000100000000)
  region size 1024K, 73 young (74752K), 4 survivors (4096K)
 Metaspace       used 123038K, committed 125440K, reserved 770048K
  class space    used 17376K, committed 18560K, reserved 638976K
}
Event: 70.852 GC heap after
{Heap after GC invocations=64 (full 0):
 garbage-first heap   total 286720K, used 187629K [0x0000000080000000, 0x0000000100000000)
  region size 1024K, 7 young (7168K), 7 survivors (7168K)
 Metaspace       used 123038K, committed 125440K, reserved 770048K
  class space    used 17376K, committed 18560K, reserved 638976K
}
Event: 71.498 GC heap before
{Heap before GC invocations=65 (full 0):
 garbage-first heap   total 314368K, used 259309K [0x0000000080000000, 0x0000000100000000)
  region size 1024K, 77 young (78848K), 7 survivors (7168K)
 Metaspace       used 123123K, committed 125504K, reserved 770048K
  class space    used 17382K, committed 18560K, reserved 638976K
}
Event: 71.505 GC heap after
{Heap after GC invocations=66 (full 0):
 garbage-first heap   total 314368K, used 190512K [0x0000000080000000, 0x0000000100000000)
  region size 1024K, 6 young (6144K), 6 survivors (6144K)
 Metaspace       used 123123K, committed 125504K, reserved 770048K
  class space    used 17382K, committed 18560K, reserved 638976K
}
Event: 73.874 GC heap before
{Heap before GC invocations=66 (full 0):
 garbage-first heap   total 314368K, used 279600K [0x0000000080000000, 0x0000000100000000)
  region size 1024K, 93 young (95232K), 6 survivors (6144K)
 Metaspace       used 123225K, committed 125568K, reserved 770048K
  class space    used 17394K, committed 18560K, reserved 638976K
}
Event: 73.884 GC heap after
{Heap after GC invocations=67 (full 0):
 garbage-first heap   total 314368K, used 192797K [0x0000000080000000, 0x0000000100000000)
  region size 1024K, 10 young (10240K), 10 survivors (10240K)
 Metaspace       used 123225K, committed 125568K, reserved 770048K
  class space    used 17394K, committed 18560K, reserved 638976K
}
Event: 79.484 GC heap before
{Heap before GC invocations=67 (full 0):
 garbage-first heap   total 314368K, used 282909K [0x0000000080000000, 0x0000000100000000)
  region size 1024K, 98 young (100352K), 10 survivors (10240K)
 Metaspace       used 123258K, committed 125632K, reserved 770048K
  class space    used 17396K, committed 18560K, reserved 638976K
}
Event: 79.491 GC heap after
{Heap after GC invocations=68 (full 0):
 garbage-first heap   total 314368K, used 195342K [0x0000000080000000, 0x0000000100000000)
  region size 1024K, 9 young (9216K), 9 survivors (9216K)
 Metaspace       used 123258K, committed 125632K, reserved 770048K
  class space    used 17396K, committed 18560K, reserved 638976K
}
Event: 81.276 GC heap before
{Heap before GC invocations=69 (full 0):
 garbage-first heap   total 327680K, used 289550K [0x0000000080000000, 0x0000000100000000)
  region size 1024K, 98 young (100352K), 9 survivors (9216K)
 Metaspace       used 125453K, committed 127872K, reserved 770048K
  class space    used 17674K, committed 18880K, reserved 638976K
}
Event: 81.287 GC heap after
{Heap after GC invocations=70 (full 0):
 garbage-first heap   total 327680K, used 205911K [0x0000000080000000, 0x0000000100000000)
  region size 1024K, 13 young (13312K), 13 survivors (13312K)
 Metaspace       used 125453K, committed 127872K, reserved 770048K
  class space    used 17674K, committed 18880K, reserved 638976K
}
Event: 82.245 GC heap before
{Heap before GC invocations=70 (full 0):
 garbage-first heap   total 327680K, used 296023K [0x0000000080000000, 0x0000000100000000)
  region size 1024K, 101 young (103424K), 13 survivors (13312K)
 Metaspace       used 131685K, committed 134080K, reserved 770048K
  class space    used 18496K, committed 19648K, reserved 638976K
}
Event: 82.259 GC heap after
{Heap after GC invocations=71 (full 0):
 garbage-first heap   total 327680K, used 214639K [0x0000000080000000, 0x0000000100000000)
  region size 1024K, 10 young (10240K), 10 survivors (10240K)
 Metaspace       used 131685K, committed 134080K, reserved 770048K
  class space    used 18496K, committed 19648K, reserved 638976K
}
Event: 83.257 GC heap before
{Heap before GC invocations=71 (full 0):
 garbage-first heap   total 327680K, used 297583K [0x0000000080000000, 0x0000000100000000)
  region size 1024K, 92 young (94208K), 10 survivors (10240K)
 Metaspace       used 135184K, committed 137600K, reserved 770048K
  class space    used 18934K, committed 20096K, reserved 638976K
}
Event: 83.269 GC heap after
{Heap after GC invocations=72 (full 0):
 garbage-first heap   total 327680K, used 223806K [0x0000000080000000, 0x0000000100000000)
  region size 1024K, 10 young (10240K), 10 survivors (10240K)
 Metaspace       used 135184K, committed 137600K, reserved 770048K
  class space    used 18934K, committed 20096K, reserved 638976K
}

